<?xml version="1.0" encoding="UTF-8"?>
<testng-results ignored="0" total="3" passed="3" failed="0" skipped="0">
  <reporter-output>
  </reporter-output>
  <suite started-at="2023-10-07T10:15:01 IST" name="Default suite" finished-at="2023-10-07T10:15:05 IST" duration-ms="4142">
    <groups>
    </groups>
    <test started-at="2023-10-07T10:15:01 IST" name="Default test" finished-at="2023-10-07T10:15:05 IST" duration-ms="4142">
      <class name="com.Day0.HTTPrequests">
        <test-method signature="getUsers()[pri:1, instance:com.Day0.HTTPrequests@2fb3536e]" started-at="2023-10-07T10:15:01 IST" name="getUsers" finished-at="2023-10-07T10:15:04 IST" duration-ms="2651" status="PASS">
          <reporter-output>
          </reporter-output>
        </test-method> <!-- getUsers -->
        <test-method signature="createUser()[pri:2, instance:com.Day0.HTTPrequests@2fb3536e]" started-at="2023-10-07T10:15:04 IST" name="createUser" finished-at="2023-10-07T10:15:05 IST" duration-ms="912" status="PASS">
          <reporter-output>
          </reporter-output>
        </test-method> <!-- createUser -->
        <test-method signature="updateUser()[pri:3, instance:com.Day0.HTTPrequests@2fb3536e]" started-at="2023-10-07T10:15:05 IST" name="updateUser" finished-at="2023-10-07T10:15:05 IST" depends-on-methods="com.Day0.HTTPrequests.createUser" duration-ms="526" status="PASS">
          <reporter-output>
          </reporter-output>
        </test-method> <!-- updateUser -->
      </class> <!-- com.Day0.HTTPrequests -->
    </test> <!-- Default test -->
  </suite> <!-- Default suite -->
</testng-results>
