<?xml version="1.0" encoding="UTF-8"?>
<!-- Generated by org.testng.reporters.JUnitXMLReporter -->
<testsuite ignored="0" hostname="DESKTOP-JL59L2U" failures="0" tests="4" name="Default test" time="0.182" errors="0" timestamp="2023-07-14T10:28:31 IST">
  <testcase classname="com.TestNG.SamepleTestNGTc" name="launchapp" time="0.024"/>
  <testcase classname="com.TestNG.SamepleTestNGTc" name="logout" time="0.004"/>
  <testcase classname="com.TestNG.SamepleTestNGTc" name="closeapp" time="0.002"/>
  <testcase classname="com.TestNG.SamepleTestNGTc" name="login" time="0.003"/>
</testsuite> <!-- Default test -->
