<?xml version="1.0" encoding="UTF-8"?>
<!-- Generated by org.testng.reporters.JUnitXMLReporter -->
<testsuite ignored="0" hostname="DESKTOP-JL59L2U" failures="0" tests="3" name="Default test" time="4.142" errors="0" timestamp="2023-10-07T10:15:06 IST">
  <testcase classname="com.Day0.HTTPrequests" name="getUsers" time="2.651"/>
  <testcase classname="com.Day0.HTTPrequests" name="createUser" time="0.912"/>
  <testcase classname="com.Day0.HTTPrequests" name="updateUser" time="0.526"/>
</testsuite> <!-- Default test -->
