<?xml version="1.0" encoding="UTF-8"?>
<!-- Generated by org.testng.reporters.JUnitXMLReporter -->
<testsuite ignored="0" hostname="DESKTOP-JL59L2U" failures="0" tests="4" name="Test" time="23.435" errors="0" timestamp="2023-07-04T23:15:12 IST">
  <testcase classname="com.TestNG.Testcase2" name="launchbrowser" time="2.719"/>
  <testcase classname="com.TestNG.Testcase2" name="OpenApplication" time="9.35"/>
  <testcase classname="com.TestNG.Testcase2" name="login" time="10.99"/>
  <testcase classname="com.TestNG.Testcase2" name="closebrowser" time="0.307"/>
</testsuite> <!-- Test -->
