<?xml version="1.0" encoding="UTF-8"?>
<testng-results ignored="0" total="4" passed="4" failed="0" skipped="0">
  <reporter-output>
  </reporter-output>
  <suite started-at="2023-07-14T10:28:30 IST" name="Default suite" finished-at="2023-07-14T10:28:31 IST" duration-ms="182">
    <groups>
    </groups>
    <test started-at="2023-07-14T10:28:30 IST" name="Default test" finished-at="2023-07-14T10:28:31 IST" duration-ms="182">
      <class name="com.TestNG.SamepleTestNGTc">
        <test-method signature="launchapp()[pri:1, instance:com.TestNG.SamepleTestNGTc@729d991e]" started-at="2023-07-14T10:28:30 IST" name="launchapp" finished-at="2023-07-14T10:28:30 IST" duration-ms="24" status="PASS">
          <reporter-output>
          </reporter-output>
        </test-method> <!-- launchapp -->
        <test-method signature="logout()[pri:2, instance:com.TestNG.SamepleTestNGTc@729d991e]" started-at="2023-07-14T10:28:31 IST" name="logout" finished-at="2023-07-14T10:28:31 IST" duration-ms="4" status="PASS">
          <reporter-output>
          </reporter-output>
        </test-method> <!-- logout -->
        <test-method signature="closeapp()[pri:3, instance:com.TestNG.SamepleTestNGTc@729d991e]" started-at="2023-07-14T10:28:31 IST" name="closeapp" finished-at="2023-07-14T10:28:31 IST" duration-ms="2" status="PASS">
          <reporter-output>
          </reporter-output>
        </test-method> <!-- closeapp -->
        <test-method signature="login()[pri:4, instance:com.TestNG.SamepleTestNGTc@729d991e]" started-at="2023-07-14T10:28:31 IST" name="login" finished-at="2023-07-14T10:28:31 IST" duration-ms="3" status="PASS">
          <reporter-output>
          </reporter-output>
        </test-method> <!-- login -->
      </class> <!-- com.TestNG.SamepleTestNGTc -->
    </test> <!-- Default test -->
  </suite> <!-- Default suite -->
</testng-results>
