<?xml version="1.0" encoding="UTF-8"?>
<!-- Generated by org.testng.reporters.JUnitXMLReporter -->
<testsuite ignored="3" hostname="DESKTOP-JL59L2U" failures="0" tests="2" name="grouptests" time="0.116" errors="0" timestamp="2023-07-05T22:26:30 IST">
  <testcase classname="com.TestNG.Grouping" name="openUrl" time="0.031"/>
  <testcase classname="com.TestNG.Grouping" name="login" time="0.001"/>
  <testcase classname="com.TestNG.Grouping" name="logout" time="0.0">
    <ignored/>
  </testcase> <!-- logout -->
  <testcase classname="com.TestNG.Grouping" name="search" time="0.0">
    <ignored/>
  </testcase> <!-- search -->
  <testcase classname="com.TestNG.Grouping" name="advancedsearch" time="0.0">
    <ignored/>
  </testcase> <!-- advancedsearch -->
</testsuite> <!-- grouptests -->
